Command line:
   tb_top_proccessor_isim_beh.exe
     -simmode  gui
     -simrunnum  0
     -socket  52177

Tue May 08 21:04:55 2018


 Elaboration Time: 0.09375 sec

 Current Memory Usage: 1495.05 Meg

 Total Signals          : 78
 Total Nets             : 4314
 Total Signal Drivers   : 30
 Total Blocks           : 11
 Total Primitive Blocks : 9
 Total Processes        : 29
 Total Traceable Variables  : 22
 Total Scalar Nets and Variables : 4806
Total Line Count : 129

 Total Simulation Time: 0.25 sec

 Current Memory Usage: 1023.19 Meg

Tue May 08 21:36:26 2018

