Command line:
   tb_serializer_isim_beh.exe
     -simmode  gui
     -simrunnum  0
     -socket  58731

Sat May 05 23:59:16 2018


 Elaboration Time: 0.1875 sec

 Current Memory Usage: 1491.36 Meg

 Total Signals          : 33
 Total Nets             : 84
 Total Signal Drivers   : 12
 Total Blocks           : 8
 Total Primitive Blocks : 6
 Total Processes        : 12
 Total Traceable Variables  : 41
 Total Scalar Nets and Variables : 587
Total Line Count : 43

 Total Simulation Time: 0.1875 sec

 Current Memory Usage: 1648.65 Meg

Sun May 06 00:13:06 2018

